2021-02-20 19.36.21: INFO    : screen_init     : running on linux
2021-02-20 19.36.21: INFO    : create_nodes    : creating 15 node(s)
2021-02-20 19.36.21: INFO    : create_nodes    : setting topology to chain
2021-02-20 19.36.21: INFO    : discover_network: node 0 discovering its neighbors
2021-02-20 19.36.21: INFO    : discover_network: node 0 has 2 neighbors
2021-02-20 19.36.21: INFO    : discover_network: node 1 discovering its neighbors
2021-02-20 19.36.21: INFO    : discover_network: node 1 has 3 neighbors
2021-02-20 19.36.21: INFO    : discover_network: node 2 discovering its neighbors
2021-02-20 19.36.21: INFO    : discover_network: node 2 has 4 neighbors
2021-02-20 19.36.21: INFO    : discover_network: node 3 discovering its neighbors
2021-02-20 19.36.22: INFO    : discover_network: node 3 has 4 neighbors
2021-02-20 19.36.22: INFO    : discover_network: node 4 discovering its neighbors
2021-02-20 19.36.22: INFO    : discover_network: node 4 has 4 neighbors
2021-02-20 19.36.22: INFO    : discover_network: node 5 discovering its neighbors
2021-02-20 19.36.22: INFO    : discover_network: node 5 has 4 neighbors
2021-02-20 19.36.22: INFO    : discover_network: node 6 discovering its neighbors
2021-02-20 19.36.22: INFO    : discover_network: node 6 has 4 neighbors
2021-02-20 19.36.22: INFO    : discover_network: node 7 discovering its neighbors
2021-02-20 19.36.22: INFO    : discover_network: node 7 has 4 neighbors
2021-02-20 19.36.22: INFO    : discover_network: node 8 discovering its neighbors
2021-02-20 19.36.22: INFO    : discover_network: node 8 has 4 neighbors
2021-02-20 19.36.22: INFO    : discover_network: node 9 discovering its neighbors
2021-02-20 19.36.22: INFO    : discover_network: node 9 has 4 neighbors
2021-02-20 19.36.22: INFO    : discover_network: node 10 discovering its neighbors
2021-02-20 19.36.22: INFO    : discover_network: node 10 has 4 neighbors
2021-02-20 19.36.22: INFO    : discover_network: node 11 discovering its neighbors
2021-02-20 19.36.22: INFO    : discover_network: node 11 has 4 neighbors
2021-02-20 19.36.22: INFO    : discover_network: node 12 discovering its neighbors
2021-02-20 19.36.22: INFO    : discover_network: node 12 has 4 neighbors
2021-02-20 19.36.22: INFO    : discover_network: node 13 discovering its neighbors
2021-02-20 19.36.22: INFO    : discover_network: node 13 has 3 neighbors
2021-02-20 19.36.22: INFO    : discover_network: node 14 discovering its neighbors
2021-02-20 19.36.22: INFO    : discover_network: node 14 has 2 neighbors
2021-02-20 19.36.22: INFO    : run_generations : generation 0 begin
2021-02-20 19.36.22: INFO    : run_generations : Transmitting phase
2021-02-20 19.36.22: INFO    : run_generations : Receiving phase
2021-02-20 19.36.22: INFO    : run_generations : Transmitting phase
2021-02-20 19.36.22: INFO    : run_generations : Receiving phase
2021-02-20 19.36.22: INFO    : run_generations : Transmitting phase
2021-02-20 19.36.23: INFO    : run_generations : Receiving phase
2021-02-20 19.36.23: INFO    : run_generations : Transmitting phase
2021-02-20 19.36.23: INFO    : run_generations : Receiving phase
2021-02-20 19.36.23: INFO    : run_generations : Transmitting phase
2021-02-20 19.36.23: INFO    : run_generations : Receiving phase
2021-02-20 19.36.23: INFO    : run_generations : Transmitting phase
2021-02-20 19.36.23: INFO    : run_generations : Receiving phase
2021-02-20 19.36.23: INFO    : run_generations : Transmitting phase
2021-02-20 19.36.23: INFO    : run_generations : Receiving phase
2021-02-20 19.36.23: INFO    : run_generations : Transmitting phase
2021-02-20 19.36.23: INFO    : run_generations : Receiving phase
2021-02-20 19.36.23: INFO    : run_generations : Transmitting phase
2021-02-20 19.36.23: INFO    : run_generations : Receiving phase
2021-02-20 19.36.23: INFO    : run_generations : Transmitting phase
2021-02-20 19.36.23: INFO    : run_generations : Receiving phase
2021-02-20 19.36.23: INFO    : run_generations : generation 1 begin
2021-02-20 19.36.23: INFO    : run_generations : Transmitting phase
2021-02-20 19.36.23: INFO    : run_generations : Receiving phase
2021-02-20 19.36.23: INFO    : run_generations : Transmitting phase
2021-02-20 19.36.23: INFO    : run_generations : Receiving phase
2021-02-20 19.36.24: INFO    : run_generations : Transmitting phase
2021-02-20 19.36.24: INFO    : run_generations : Receiving phase
2021-02-20 19.36.24: INFO    : run_generations : Transmitting phase
2021-02-20 19.36.24: INFO    : run_generations : Receiving phase
2021-02-20 19.36.24: INFO    : run_generations : Transmitting phase
2021-02-20 19.36.24: INFO    : run_generations : Receiving phase
2021-02-20 19.36.24: INFO    : run_generations : Transmitting phase
2021-02-20 19.36.24: INFO    : run_generations : Receiving phase
2021-02-20 19.36.24: INFO    : run_generations : Transmitting phase
2021-02-20 19.36.24: INFO    : run_generations : Receiving phase
2021-02-20 19.36.24: INFO    : run_generations : Transmitting phase
2021-02-20 19.36.24: INFO    : run_generations : Receiving phase
2021-02-20 19.36.24: INFO    : run_generations : Transmitting phase
2021-02-20 19.36.24: INFO    : run_generations : Receiving phase
2021-02-20 19.36.24: INFO    : run_generations : Transmitting phase
2021-02-20 19.36.24: INFO    : run_generations : Receiving phase
2021-02-20 19.36.24: INFO    : run_generations : generation 2 begin
2021-02-20 19.36.24: INFO    : run_generations : Transmitting phase
2021-02-20 19.36.24: INFO    : run_generations : Receiving phase
2021-02-20 19.36.25: INFO    : run_generations : Transmitting phase
2021-02-20 19.36.25: INFO    : run_generations : Receiving phase
2021-02-20 19.36.25: INFO    : run_generations : Transmitting phase
2021-02-20 19.36.25: INFO    : run_generations : Receiving phase
2021-02-20 19.36.25: INFO    : run_generations : Transmitting phase
2021-02-20 19.36.25: INFO    : run_generations : Receiving phase
2021-02-20 19.36.25: INFO    : run_generations : Transmitting phase
2021-02-20 19.36.25: INFO    : run_generations : Receiving phase
2021-02-20 19.36.25: INFO    : run_generations : Transmitting phase
2021-02-20 19.36.25: INFO    : run_generations : Receiving phase
2021-02-20 19.36.25: INFO    : run_generations : Transmitting phase
2021-02-20 19.36.25: INFO    : run_generations : Receiving phase
2021-02-20 19.36.26: INFO    : run_generations : Transmitting phase
2021-02-20 19.36.26: INFO    : run_generations : Receiving phase
2021-02-20 19.36.26: INFO    : run_generations : Transmitting phase
2021-02-20 19.36.26: INFO    : run_generations : Receiving phase
2021-02-20 19.36.26: INFO    : run_generations : Transmitting phase
2021-02-20 19.36.26: INFO    : run_generations : Receiving phase
2021-02-20 19.36.26: INFO    : run_generations : generation 3 begin
2021-02-20 19.36.26: INFO    : run_generations : Transmitting phase
2021-02-20 19.36.26: INFO    : run_generations : Receiving phase
2021-02-20 19.36.26: INFO    : run_generations : Transmitting phase
2021-02-20 19.36.26: INFO    : run_generations : Receiving phase
2021-02-20 19.36.26: INFO    : run_generations : Transmitting phase
2021-02-20 19.36.26: INFO    : run_generations : Receiving phase
2021-02-20 19.36.26: INFO    : run_generations : Transmitting phase
2021-02-20 19.36.26: INFO    : run_generations : Receiving phase
2021-02-20 19.36.26: INFO    : run_generations : Transmitting phase
2021-02-20 19.36.26: INFO    : run_generations : Receiving phase
2021-02-20 19.36.26: INFO    : run_generations : Transmitting phase
2021-02-20 19.36.26: INFO    : run_generations : Receiving phase
2021-02-20 19.36.26: INFO    : run_generations : Transmitting phase
2021-02-20 19.36.27: INFO    : run_generations : Receiving phase
2021-02-20 19.36.27: INFO    : run_generations : Transmitting phase
2021-02-20 19.36.27: INFO    : run_generations : Receiving phase
2021-02-20 19.36.27: INFO    : run_generations : Transmitting phase
2021-02-20 19.36.27: INFO    : run_generations : Receiving phase
2021-02-20 19.36.27: INFO    : run_generations : Transmitting phase
2021-02-20 19.36.27: INFO    : run_generations : Receiving phase
2021-02-20 19.36.27: INFO    : run_generations : generation 4 begin
2021-02-20 19.36.27: INFO    : run_generations : Transmitting phase
2021-02-20 19.36.27: INFO    : run_generations : Receiving phase
2021-02-20 19.36.27: INFO    : run_generations : Transmitting phase
2021-02-20 19.36.27: INFO    : run_generations : Receiving phase
2021-02-20 19.36.27: INFO    : run_generations : Transmitting phase
2021-02-20 19.36.27: INFO    : run_generations : Receiving phase
2021-02-20 19.36.27: INFO    : run_generations : Transmitting phase
2021-02-20 19.36.27: INFO    : run_generations : Receiving phase
2021-02-20 19.36.27: INFO    : run_generations : Transmitting phase
2021-02-20 19.36.27: INFO    : run_generations : Receiving phase
2021-02-20 19.36.28: INFO    : run_generations : Transmitting phase
2021-02-20 19.36.28: INFO    : run_generations : Receiving phase
2021-02-20 19.36.28: INFO    : run_generations : Transmitting phase
2021-02-20 19.36.28: INFO    : run_generations : Receiving phase
2021-02-20 19.36.28: INFO    : run_generations : Transmitting phase
2021-02-20 19.36.28: INFO    : run_generations : Receiving phase
2021-02-20 19.36.28: INFO    : run_generations : Transmitting phase
2021-02-20 19.36.28: INFO    : run_generations : Receiving phase
2021-02-20 19.36.28: INFO    : run_generations : Transmitting phase
2021-02-20 19.36.28: INFO    : run_generations : Receiving phase
2021-02-20 19.36.28: INFO    : run_generations : run completed
